C:\USERS\LEMYASKINA.E\DOCUMENTS\GITHUB\MP2-LAB1-SET\SLN\VC10\DEBUG\SAMPLE_PRIME_NUMBERS.EXE
C:\USERS\LEMYASKINA.E\DOCUMENTS\GITHUB\MP2-LAB1-SET\SLN\VC10\DEBUG\SAMPLE_PRIME_NUMBERS.ILK
C:\USERS\LEMYASKINA.E\DOCUMENTS\GITHUB\MP2-LAB1-SET\SLN\VC10\DEBUG\SAMPLE_PRIME_NUMBERS.PDB
C:\Users\Lemyaskina.E\Documents\GitHub\mp2-lab1-set\sln\vc10\sample_prime_numbers\Debug\cl.command.1.tlog
C:\Users\Lemyaskina.E\Documents\GitHub\mp2-lab1-set\sln\vc10\sample_prime_numbers\Debug\CL.read.1.tlog
C:\Users\Lemyaskina.E\Documents\GitHub\mp2-lab1-set\sln\vc10\sample_prime_numbers\Debug\CL.write.1.tlog
C:\Users\Lemyaskina.E\Documents\GitHub\mp2-lab1-set\sln\vc10\sample_prime_numbers\Debug\link.8588.read.1.tlog
C:\Users\Lemyaskina.E\Documents\GitHub\mp2-lab1-set\sln\vc10\sample_prime_numbers\Debug\link.8588.write.1.tlog
C:\Users\Lemyaskina.E\Documents\GitHub\mp2-lab1-set\sln\vc10\sample_prime_numbers\Debug\link.8588-cvtres.read.1.tlog
C:\Users\Lemyaskina.E\Documents\GitHub\mp2-lab1-set\sln\vc10\sample_prime_numbers\Debug\link.8588-cvtres.write.1.tlog
C:\Users\Lemyaskina.E\Documents\GitHub\mp2-lab1-set\sln\vc10\sample_prime_numbers\Debug\link.command.1.tlog
C:\Users\Lemyaskina.E\Documents\GitHub\mp2-lab1-set\sln\vc10\sample_prime_numbers\Debug\link.read.1.tlog
C:\Users\Lemyaskina.E\Documents\GitHub\mp2-lab1-set\sln\vc10\sample_prime_numbers\Debug\link.write.1.tlog
C:\Users\Lemyaskina.E\Documents\GitHub\mp2-lab1-set\sln\vc10\sample_prime_numbers\Debug\link-cvtres.read.1.tlog
C:\Users\Lemyaskina.E\Documents\GitHub\mp2-lab1-set\sln\vc10\sample_prime_numbers\Debug\link-cvtres.write.1.tlog
C:\Users\Lemyaskina.E\Documents\GitHub\mp2-lab1-set\sln\vc10\sample_prime_numbers\Debug\mt.command.1.tlog
C:\Users\Lemyaskina.E\Documents\GitHub\mp2-lab1-set\sln\vc10\sample_prime_numbers\Debug\mt.read.1.tlog
C:\Users\Lemyaskina.E\Documents\GitHub\mp2-lab1-set\sln\vc10\sample_prime_numbers\Debug\mt.write.1.tlog
C:\Users\Lemyaskina.E\Documents\GitHub\mp2-lab1-set\sln\vc10\sample_prime_numbers\Debug\rc.command.1.tlog
C:\Users\Lemyaskina.E\Documents\GitHub\mp2-lab1-set\sln\vc10\sample_prime_numbers\Debug\rc.read.1.tlog
C:\Users\Lemyaskina.E\Documents\GitHub\mp2-lab1-set\sln\vc10\sample_prime_numbers\Debug\rc.write.1.tlog
C:\USERS\LEMYASKINA.E\DOCUMENTS\GITHUB\MP2-LAB1-SET\SLN\VC10\SAMPLE_PRIME_NUMBERS\DEBUG\SAMPLE_PRIME_NUMBERS.EXE.EMBED.MANIFEST
C:\USERS\LEMYASKINA.E\DOCUMENTS\GITHUB\MP2-LAB1-SET\SLN\VC10\SAMPLE_PRIME_NUMBERS\DEBUG\SAMPLE_PRIME_NUMBERS.EXE.EMBED.MANIFEST.RES
C:\USERS\LEMYASKINA.E\DOCUMENTS\GITHUB\MP2-LAB1-SET\SLN\VC10\SAMPLE_PRIME_NUMBERS\DEBUG\SAMPLE_PRIME_NUMBERS.EXE.INTERMEDIATE.MANIFEST
C:\USERS\LEMYASKINA.E\DOCUMENTS\GITHUB\MP2-LAB1-SET\SLN\VC10\SAMPLE_PRIME_NUMBERS\DEBUG\SAMPLE_PRIME_NUMBERS.OBJ
C:\Users\Lemyaskina.E\Documents\GitHub\mp2-lab1-set\sln\vc10\sample_prime_numbers\Debug\sample_prime_numbers.write.1.tlog
C:\Users\Lemyaskina.E\Documents\GitHub\mp2-lab1-set\sln\vc10\sample_prime_numbers\Debug\sample_prime_numbers_manifest.rc
C:\Users\Lemyaskina.E\Documents\GitHub\mp2-lab1-set\sln\vc10\sample_prime_numbers\Debug\vc100.idb
C:\USERS\LEMYASKINA.E\DOCUMENTS\GITHUB\MP2-LAB1-SET\SLN\VC10\SAMPLE_PRIME_NUMBERS\DEBUG\VC100.PDB
