Build started 05.10.2016 15:55:26.
     1>Project "C:\Users\Lemyaskina.E\Documents\GitHub\mp2-lab1-set\sln\vc10\bitfield\bitfield.vcxproj" on node 2 (rebuild target(s)).
     1>_PrepareForClean:
         Deleting file "Debug\bitfield.lastbuildstate".
       InitializeBuildStatus:
         Creating "Debug\bitfield.unsuccessfulbuild" because "AlwaysCreate" was specified.
       ClCompile:
         C:\Program Files (x86)\Microsoft Visual Studio 10.0\VC\bin\CL.exe /c /I../../../include /ZI /nologo /W3 /WX- /Od /Oy- /D WIN32 /D _DEBUG /D _LIB /D _UNICODE /D UNICODE /Gm /EHsc /RTC1 /MDd /GS /fp:precise /Zc:wchar_t /Zc:forScope /Fo"Debug\\" /Fd"Debug\vc100.pdb" /Gd /TP /analyze- /errorReport:prompt ..\..\..\src\tbitfield.cpp ..\..\..\src\tset.cpp
         tset.cpp
         tbitfield.cpp
         Generating Code...
       Lib:
         C:\Program Files (x86)\Microsoft Visual Studio 10.0\VC\bin\Lib.exe /OUT:"C:\Users\Lemyaskina.E\Documents\GitHub\mp2-lab1-set\sln\vc10\Debug\bitfield.lib" /NOLOGO Debug\tbitfield.obj
         Debug\tset.obj
         bitfield.vcxproj -> C:\Users\Lemyaskina.E\Documents\GitHub\mp2-lab1-set\sln\vc10\Debug\bitfield.lib
       FinalizeBuildStatus:
         Deleting file "Debug\bitfield.unsuccessfulbuild".
         Touching "Debug\bitfield.lastbuildstate".
     1>Done Building Project "C:\Users\Lemyaskina.E\Documents\GitHub\mp2-lab1-set\sln\vc10\bitfield\bitfield.vcxproj" (rebuild target(s)).

Build succeeded.

Time Elapsed 00:00:01.00
